<?xml version="1.0" encoding="UTF-8"?>
<!-- Generated by org.testng.reporters.JUnitReportReporter -->
<testsuite hostname="DESKTOP-JKMLIMQ" failures="0" tests="1" name="readExcelFile.SelectParticularData" time="0.355" errors="0" timestamp="2023-10-18T21:31:59 IST" skipped="0">
  <testcase classname="readExcelFile.SelectParticularData" name="read_excel_aspercondition" time="0.355"/>
</testsuite> <!-- readExcelFile.SelectParticularData -->
