<?xml version="1.0" encoding="UTF-8"?>
<!-- Generated by org.testng.reporters.JUnitReportReporter -->
<testsuite hostname="DESKTOP-JKMLIMQ" failures="0" tests="1" name="testing.TC_1" time="0.142" errors="0" timestamp="2023-10-10T23:20:59 IST" skipped="0">
  <testcase classname="testing.TC_1" name="do_testing" time="0.142"/>
</testsuite> <!-- testing.TC_1 -->
