<?xml version="1.0" encoding="UTF-8"?>
<!-- Generated by org.testng.reporters.JUnitReportReporter -->
<testsuite hostname="DESKTOP-JKMLIMQ" failures="0" tests="1" name="testing.TC_004" time="2.330" errors="0" timestamp="2023-10-17T21:31:39 IST" skipped="0">
  <testcase classname="testing.TC_004" name="testHomePage_1" time="2.330"/>
</testsuite> <!-- testing.TC_004 -->
