<?xml version="1.0" encoding="UTF-8"?>
<!-- Generated by org.testng.reporters.JUnitReportReporter -->
<testsuite hostname="DESKTOP-JKMLIMQ" failures="0" tests="2" name="testing.TC_002" time="0.089" errors="0" timestamp="2023-10-12T00:17:54 IST" skipped="0">
  <testcase classname="testing.TC_002" name="do_testing" time="0.004"/>
  <testcase classname="testing.TC_002" name="do_testing_1" time="0.085"/>
</testsuite> <!-- testing.TC_002 -->
