<?xml version="1.0" encoding="UTF-8"?>
<!-- Generated by org.testng.reporters.JUnitReportReporter -->
<testsuite hostname="DESKTOP-JKMLIMQ" failures="0" tests="1" name="jdbcLearning.CreateTable" time="0.752" errors="0" timestamp="2023-11-01T00:05:58 IST" skipped="0">
  <testcase classname="jdbcLearning.CreateTable" name="createTableUsingJDBC" time="0.752"/>
</testsuite> <!-- jdbcLearning.CreateTable -->
