<?xml version="1.0" encoding="UTF-8"?>
<!-- Generated by org.testng.reporters.JUnitReportReporter -->
<testsuite hostname="DESKTOP-JKMLIMQ" failures="0" tests="3" name="testing.TC_003" time="21.932" errors="0" timestamp="2023-10-12T23:09:01 IST" skipped="0">
  <testcase classname="testing.TC_003" name="testCheckbox" time="5.472"/>
  <testcase classname="testing.TC_003" name="testBasicAuth" time="10.777"/>
  <testcase classname="testing.TC_003" name="testHovers" time="5.683"/>
</testsuite> <!-- testing.TC_003 -->
