<?xml version="1.0" encoding="UTF-8"?>
<!-- Generated by org.testng.reporters.JUnitReportReporter -->
<testsuite hostname="DESKTOP-JKMLIMQ" failures="0" tests="1" name="testing.IFrameLearning" time="7.062" errors="0" timestamp="2023-10-17T22:39:41 IST" skipped="0">
  <testcase classname="testing.IFrameLearning" name="testIframe" time="7.062"/>
</testsuite> <!-- testing.IFrameLearning -->
