<?xml version="1.0" encoding="UTF-8"?>
<!-- Generated by org.testng.reporters.JUnitReportReporter -->
<testsuite hostname="DESKTOP-JKMLIMQ" failures="0" tests="4" name="testing.Priority_005" time="0.123" errors="0" timestamp="2023-10-12T00:49:42 IST" skipped="0">
  <testcase classname="testing.Priority_005" name="signUpPage" time="0.098"/>
  <testcase classname="testing.Priority_005" name="signInPage" time="0.011"/>
  <testcase classname="testing.Priority_005" name="homePageValidation" time="0.007"/>
  <testcase classname="testing.Priority_005" name="testingCartPage" time="0.007"/>
</testsuite> <!-- testing.Priority_005 -->
