<?xml version="1.0" encoding="UTF-8"?>
<!-- Generated by org.testng.reporters.JUnitReportReporter -->
<testsuite hostname="DESKTOP-JKMLIMQ" failures="0" tests="4" name="testing.TC_005" time="0.112" errors="0" timestamp="2023-10-12T00:17:54 IST" skipped="0">
  <testcase classname="testing.TC_005" name="signUpPage" time="0.086"/>
  <testcase classname="testing.TC_005" name="signInPage" time="0.012"/>
  <testcase classname="testing.TC_005" name="homePageValidation" time="0.007"/>
  <testcase classname="testing.TC_005" name="testingCartPage" time="0.007"/>
</testsuite> <!-- testing.TC_005 -->
