<?xml version="1.0" encoding="UTF-8"?>
<!-- Generated by org.testng.reporters.JUnitReportReporter -->
<testsuite hostname="DESKTOP-JKMLIMQ" failures="0" tests="1" name="testing.Groups_006" time="0.023" errors="0" timestamp="2023-10-12T00:45:03 IST" skipped="0">
  <testcase classname="testing.Groups_006" name="testingCartPage" time="0.023"/>
</testsuite> <!-- testing.Groups_006 -->
