<?xml version="1.0" encoding="UTF-8"?>
<!-- Generated by org.testng.reporters.JUnitReportReporter -->
<testsuite hostname="DESKTOP-JKMLIMQ" failures="0" tests="2" name="readExcelFile.Excel_SimpleReading" time="0.367" errors="0" timestamp="2023-10-18T22:02:53 IST" skipped="0">
  <testcase classname="readExcelFile.Excel_SimpleReading" name="readExcelFile" time="0.349"/>
  <testcase classname="readExcelFile.Excel_SimpleReading" name="read_excel_aspercondition" time="0.018"/>
</testsuite> <!-- readExcelFile.Excel_SimpleReading -->
